#$ _SPACE_= 
#$ _CUDART_=cudart
#$ _HERE_=/usr/local/cuda/bin
#$ _THERE_=/usr/local/cuda/bin
#$ _TARGET_SIZE_=
#$ _TARGET_DIR_=
#$ _TARGET_DIR_=targets/x86_64-linux
#$ TOP=/usr/local/cuda/bin/..
#$ NVVMIR_LIBRARY_DIR=/usr/local/cuda/bin/../nvvm/libdevice
#$ LD_LIBRARY_PATH=/usr/local/cuda/bin/../lib:/opt/rh/llvm-toolset-7/root/usr/lib64:/opt/rh/devtoolset-6/root/usr/lib64:/opt/rh/devtoolset-6/root/usr/lib:/usr/local/cuda/lib64:/usr/local/lib
#$ PATH=/usr/local/cuda/bin/../nvvm/bin:/usr/local/cuda/bin:/opt/rh/llvm-toolset-7/root/usr/bin:/opt/rh/llvm-toolset-7/root/usr/sbin:/opt/rh/devtoolset-6/root/usr/bin:/usr/local/cuda/bin:/usr/local/bin:/usr/bin:/usr/local/sbin:/usr/sbin:/home/jhr/.local/bin:/home/jhr/bin
#$ INCLUDES="-I/usr/local/cuda/bin/../targets/x86_64-linux/include"  
#$ LIBRARIES=  "-L/usr/local/cuda/bin/../targets/x86_64-linux/lib/stubs" "-L/usr/local/cuda/bin/../targets/x86_64-linux/lib"
#$ CUDAFE_FLAGS=
#$ PTXAS_FLAGS=
#$ "/opt/rh/devtoolset-6/root/usr/bin"/cc -std=c++14 -D__CUDA_ARCH__=300 -E -x c++  -DCUDA_DOUBLE_MATH_FUNCTIONS -D__CUDACC__ -D__NVCC__ -D__CUDACC_EXTENDED_LAMBDA__  "-std=c++14" "-Wno-parentheses" "-Wno-comment" "-Wvirtual-move-assign" "-Wno-stringop-overflow" "-Wno-unknown-warning-option" "-Wno-unused-command-line-argument" "-Wno-switch" "-lpthread" "-O2" "-DNDEBUG" "-O3" -w -I"/usr/local/cuda/include" -I"/home/jhr/cuda-raytracer/include" -I"/home/jhr/cuda-raytracer/src" -I"/usr/local/include" -I"/usr/local/cuda/include" "-I/usr/local/cuda/bin/../targets/x86_64-linux/include"    -D "__CUDACC__" -D "KOISHI_DEBUG=2" -D "KOISHI_USE_CUDA" -D "NVCC" -D__CUDACC_VER_MAJOR__=10 -D__CUDACC_VER_MINOR__=0 -D__CUDACC_VER_BUILD__=130 -include "cuda_runtime.h" -m64 "/home/jhr/cuda-raytracer/src/ext/shader/shader.impl.cu" > "shader.impl.cpp1.ii" 
#$ _SPACE_= 
#$ _CUDART_=cudart
#$ _HERE_=/usr/local/cuda/bin
#$ _THERE_=/usr/local/cuda/bin
#$ _TARGET_SIZE_=
#$ _TARGET_DIR_=
#$ _TARGET_DIR_=targets/x86_64-linux
#$ TOP=/usr/local/cuda/bin/..
#$ NVVMIR_LIBRARY_DIR=/usr/local/cuda/bin/../nvvm/libdevice
#$ LD_LIBRARY_PATH=/usr/local/cuda/bin/../lib:/opt/rh/llvm-toolset-7/root/usr/lib64:/opt/rh/devtoolset-6/root/usr/lib64:/opt/rh/devtoolset-6/root/usr/lib:/usr/local/cuda/lib64:/usr/local/lib
#$ PATH=/usr/local/cuda/bin/../nvvm/bin:/usr/local/cuda/bin:/opt/rh/llvm-toolset-7/root/usr/bin:/opt/rh/llvm-toolset-7/root/usr/sbin:/opt/rh/devtoolset-6/root/usr/bin:/usr/local/cuda/bin:/usr/local/bin:/usr/bin:/usr/local/sbin:/usr/sbin:/home/jhr/.local/bin:/home/jhr/bin
#$ INCLUDES="-I/usr/local/cuda/bin/../targets/x86_64-linux/include"  
#$ LIBRARIES=  "-L/usr/local/cuda/bin/../targets/x86_64-linux/lib/stubs" "-L/usr/local/cuda/bin/../targets/x86_64-linux/lib"
#$ CUDAFE_FLAGS=
#$ PTXAS_FLAGS=
#$ "/opt/rh/devtoolset-6/root/usr/bin"/cc -std=c++14 -D__CUDA_ARCH__=300 -E -x c++  -DCUDA_DOUBLE_MATH_FUNCTIONS -D__CUDACC__ -D__NVCC__ -D__CUDACC_EXTENDED_LAMBDA__  "-std=c++14" "-Wno-parentheses" "-Wno-comment" "-Wvirtual-move-assign" "-Wno-stringop-overflow" "-Wno-unknown-warning-option" "-Wno-unused-command-line-argument" "-Wno-switch" "-lpthread" "-O2" "-DNDEBUG" "-O3" -w -I"/usr/local/cuda/include" -I"/home/jhr/cuda-raytracer/include" -I"/home/jhr/cuda-raytracer/src" -I"/usr/local/include" -I"/usr/local/cuda/include" "-I/usr/local/cuda/bin/../targets/x86_64-linux/include"    -D "__CUDACC__" -D "KOISHI_DEBUG=2" -D "KOISHI_USE_CUDA" -D "NVCC" -D__CUDACC_VER_MAJOR__=10 -D__CUDACC_VER_MINOR__=0 -D__CUDACC_VER_BUILD__=130 -include "cuda_runtime.h" -m64 "/home/jhr/cuda-raytracer/src/ext/shader/shader.impl.cu" > "shader.impl.cpp1.ii" 
#$ _SPACE_= 
#$ _CUDART_=cudart
#$ _HERE_=/usr/local/cuda/bin
#$ _THERE_=/usr/local/cuda/bin
#$ _TARGET_SIZE_=
#$ _TARGET_DIR_=
#$ _TARGET_DIR_=targets/x86_64-linux
#$ TOP=/usr/local/cuda/bin/..
#$ NVVMIR_LIBRARY_DIR=/usr/local/cuda/bin/../nvvm/libdevice
#$ LD_LIBRARY_PATH=/usr/local/cuda/bin/../lib:/opt/rh/llvm-toolset-7/root/usr/lib64:/opt/rh/devtoolset-6/root/usr/lib64:/opt/rh/devtoolset-6/root/usr/lib:/usr/local/cuda/lib64:/usr/local/lib
#$ PATH=/usr/local/cuda/bin/../nvvm/bin:/usr/local/cuda/bin:/opt/rh/llvm-toolset-7/root/usr/bin:/opt/rh/llvm-toolset-7/root/usr/sbin:/opt/rh/devtoolset-6/root/usr/bin:/usr/local/cuda/bin:/usr/local/bin:/usr/bin:/usr/local/sbin:/usr/sbin:/home/jhr/.local/bin:/home/jhr/bin
#$ INCLUDES="-I/usr/local/cuda/bin/../targets/x86_64-linux/include"  
#$ LIBRARIES=  "-L/usr/local/cuda/bin/../targets/x86_64-linux/lib/stubs" "-L/usr/local/cuda/bin/../targets/x86_64-linux/lib"
#$ CUDAFE_FLAGS=
#$ PTXAS_FLAGS=
#$ "/opt/rh/devtoolset-6/root/usr/bin"/cc -std=c++14 -D__CUDA_ARCH__=300 -E -x c++  -DCUDA_DOUBLE_MATH_FUNCTIONS -D__CUDACC__ -D__NVCC__ -D__CUDACC_EXTENDED_LAMBDA__  "-std=c++14" "-Wno-parentheses" "-Wno-comment" "-Wvirtual-move-assign" "-Wno-stringop-overflow" "-Wno-unknown-warning-option" "-Wno-unused-command-line-argument" "-Wno-switch" "-lpthread" "-O2" "-DNDEBUG" "-O3" -w -I"/usr/local/cuda/include" -I"/home/jhr/cuda-raytracer/include" -I"/home/jhr/cuda-raytracer/src" -I"/usr/local/include" -I"/usr/local/cuda/include" "-I/usr/local/cuda/bin/../targets/x86_64-linux/include"    -D "__CUDACC__" -D "KOISHI_DEBUG=2" -D "KOISHI_USE_CUDA" -D "NVCC" -D__CUDACC_VER_MAJOR__=10 -D__CUDACC_VER_MINOR__=0 -D__CUDACC_VER_BUILD__=130 -include "cuda_runtime.h" -m64 "/home/jhr/cuda-raytracer/src/ext/shader/shader.impl.cu" > "shader.impl.cpp1.ii" 
#$ _SPACE_= 
#$ _CUDART_=cudart
#$ _HERE_=/usr/local/cuda/bin
#$ _THERE_=/usr/local/cuda/bin
#$ _TARGET_SIZE_=
#$ _TARGET_DIR_=
#$ _TARGET_DIR_=targets/x86_64-linux
#$ TOP=/usr/local/cuda/bin/..
#$ NVVMIR_LIBRARY_DIR=/usr/local/cuda/bin/../nvvm/libdevice
#$ LD_LIBRARY_PATH=/usr/local/cuda/bin/../lib:/opt/rh/llvm-toolset-7/root/usr/lib64:/opt/rh/devtoolset-6/root/usr/lib64:/opt/rh/devtoolset-6/root/usr/lib:/usr/local/cuda/lib64:/usr/local/lib
#$ PATH=/usr/local/cuda/bin/../nvvm/bin:/usr/local/cuda/bin:/opt/rh/llvm-toolset-7/root/usr/bin:/opt/rh/llvm-toolset-7/root/usr/sbin:/opt/rh/devtoolset-6/root/usr/bin:/usr/local/cuda/bin:/usr/local/bin:/usr/bin:/usr/local/sbin:/usr/sbin:/home/jhr/.local/bin:/home/jhr/bin
#$ INCLUDES="-I/usr/local/cuda/bin/../targets/x86_64-linux/include"  
#$ LIBRARIES=  "-L/usr/local/cuda/bin/../targets/x86_64-linux/lib/stubs" "-L/usr/local/cuda/bin/../targets/x86_64-linux/lib"
#$ CUDAFE_FLAGS=
#$ PTXAS_FLAGS=
#$ "/opt/rh/devtoolset-6/root/usr/bin"/cc -std=c++14 -D__CUDA_ARCH__=300 -E -x c++  -DCUDA_DOUBLE_MATH_FUNCTIONS -D__CUDACC__ -D__NVCC__ -D__CUDACC_EXTENDED_LAMBDA__  "-std=c++14" "-Wno-parentheses" "-Wno-comment" "-Wvirtual-move-assign" "-Wno-stringop-overflow" "-Wno-unknown-warning-option" "-Wno-unused-command-line-argument" "-Wno-switch" "-lpthread" "-O2" "-DNDEBUG" "-O3" -w -I"/usr/local/cuda/include" -I"/home/jhr/cuda-raytracer/include" -I"/home/jhr/cuda-raytracer/src" -I"/usr/local/include" -I"/usr/local/cuda/include" "-I/usr/local/cuda/bin/../targets/x86_64-linux/include"    -D "__CUDACC__" -D "KOISHI_DEBUG=2" -D "KOISHI_USE_CUDA" -D "NVCC" -D__CUDACC_VER_MAJOR__=10 -D__CUDACC_VER_MINOR__=0 -D__CUDACC_VER_BUILD__=130 -include "cuda_runtime.h" -m64 "/home/jhr/cuda-raytracer/src/ext/shader/shader.impl.cu" > "shader.impl.cpp1.ii" 
#$ "/opt/rh/devtoolset-6/root/usr/bin"/cc -std=c++14 -E -x c++ -D__CUDACC__ -D__NVCC__ -D__CUDACC_EXTENDED_LAMBDA__  "-std=c++14" "-Wno-parentheses" "-Wno-comment" "-Wvirtual-move-assign" "-Wno-stringop-overflow" "-Wno-unknown-warning-option" "-Wno-unused-command-line-argument" "-Wno-switch" "-lpthread" "-O2" "-DNDEBUG" "-O3" -w -I"/usr/local/cuda/include" -I"/home/jhr/cuda-raytracer/include" -I"/home/jhr/cuda-raytracer/src" -I"/usr/local/include" -I"/usr/local/cuda/include" "-I/usr/local/cuda/bin/../targets/x86_64-linux/include"    -D "__CUDACC__" -D "KOISHI_DEBUG=2" -D "KOISHI_USE_CUDA" -D "NVCC" -D__CUDACC_VER_MAJOR__=10 -D__CUDACC_VER_MINOR__=0 -D__CUDACC_VER_BUILD__=130 -include "cuda_runtime.h" -m64 "/home/jhr/cuda-raytracer/src/ext/shader/shader.impl.cu" > "shader.impl.cpp4.ii" 
#$ "/opt/rh/devtoolset-6/root/usr/bin"/cc -std=c++14 -E -x c++ -D__CUDACC__ -D__NVCC__ -D__CUDACC_EXTENDED_LAMBDA__  "-std=c++14" "-Wno-parentheses" "-Wno-comment" "-Wvirtual-move-assign" "-Wno-stringop-overflow" "-Wno-unknown-warning-option" "-Wno-unused-command-line-argument" "-Wno-switch" "-lpthread" "-O2" "-DNDEBUG" "-O3" -w -I"/usr/local/cuda/include" -I"/home/jhr/cuda-raytracer/include" -I"/home/jhr/cuda-raytracer/src" -I"/usr/local/include" -I"/usr/local/cuda/include" "-I/usr/local/cuda/bin/../targets/x86_64-linux/include"    -D "__CUDACC__" -D "KOISHI_DEBUG=2" -D "KOISHI_USE_CUDA" -D "NVCC" -D__CUDACC_VER_MAJOR__=10 -D__CUDACC_VER_MINOR__=0 -D__CUDACC_VER_BUILD__=130 -include "cuda_runtime.h" -m64 "/home/jhr/cuda-raytracer/src/ext/shader/shader.impl.cu" > "shader.impl.cpp4.ii" 
#$ "/opt/rh/devtoolset-6/root/usr/bin"/cc -std=c++14 -E -x c++ -D__CUDACC__ -D__NVCC__ -D__CUDACC_EXTENDED_LAMBDA__  "-std=c++14" "-Wno-parentheses" "-Wno-comment" "-Wvirtual-move-assign" "-Wno-stringop-overflow" "-Wno-unknown-warning-option" "-Wno-unused-command-line-argument" "-Wno-switch" "-lpthread" "-O2" "-DNDEBUG" "-O3" -w -I"/usr/local/cuda/include" -I"/home/jhr/cuda-raytracer/include" -I"/home/jhr/cuda-raytracer/src" -I"/usr/local/include" -I"/usr/local/cuda/include" "-I/usr/local/cuda/bin/../targets/x86_64-linux/include"    -D "__CUDACC__" -D "KOISHI_DEBUG=2" -D "KOISHI_USE_CUDA" -D "NVCC" -D__CUDACC_VER_MAJOR__=10 -D__CUDACC_VER_MINOR__=0 -D__CUDACC_VER_BUILD__=130 -include "cuda_runtime.h" -m64 "/home/jhr/cuda-raytracer/src/ext/shader/shader.impl.cu" > "shader.impl.cpp4.ii" 
#$ "/opt/rh/devtoolset-6/root/usr/bin"/cc -std=c++14 -E -x c++ -D__CUDACC__ -D__NVCC__ -D__CUDACC_EXTENDED_LAMBDA__  "-std=c++14" "-Wno-parentheses" "-Wno-comment" "-Wvirtual-move-assign" "-Wno-stringop-overflow" "-Wno-unknown-warning-option" "-Wno-unused-command-line-argument" "-Wno-switch" "-lpthread" "-O2" "-DNDEBUG" "-O3" -w -I"/usr/local/cuda/include" -I"/home/jhr/cuda-raytracer/include" -I"/home/jhr/cuda-raytracer/src" -I"/usr/local/include" -I"/usr/local/cuda/include" "-I/usr/local/cuda/bin/../targets/x86_64-linux/include"    -D "__CUDACC__" -D "KOISHI_DEBUG=2" -D "KOISHI_USE_CUDA" -D "NVCC" -D__CUDACC_VER_MAJOR__=10 -D__CUDACC_VER_MINOR__=0 -D__CUDACC_VER_BUILD__=130 -include "cuda_runtime.h" -m64 "/home/jhr/cuda-raytracer/src/ext/shader/shader.impl.cu" > "shader.impl.cpp4.ii" 
#$ -- Filter Dependencies -- > /home/jhr/cuda-raytracer/build/CMakeFiles/t_math.dir/src/ext/shader/t_math_generated_shader.impl.cu.o.NVCC-depend
#$ -- Filter Dependencies -- > /home/jhr/cuda-raytracer/build/CMakeFiles/t_kernel.dir/src/ext/shader/t_kernel_generated_shader.impl.cu.o.NVCC-depend
#$ -- Filter Dependencies -- > /home/jhr/cuda-raytracer/build/CMakeFiles/t_cyclicQueue.dir/src/ext/shader/t_cyclicQueue_generated_shader.impl.cu.o.NVCC-depend
#$ -- Filter Dependencies -- > /home/jhr/cuda-raytracer/build/CMakeFiles/t_intersect.dir/src/ext/shader/t_intersect_generated_shader.impl.cu.o.NVCC-depend
#$ _SPACE_= 
#$ _CUDART_=cudart
#$ _HERE_=/usr/local/cuda/bin
#$ _THERE_=/usr/local/cuda/bin
#$ _TARGET_SIZE_=
#$ _TARGET_DIR_=
#$ _TARGET_DIR_=targets/x86_64-linux
#$ TOP=/usr/local/cuda/bin/..
#$ NVVMIR_LIBRARY_DIR=/usr/local/cuda/bin/../nvvm/libdevice
#$ LD_LIBRARY_PATH=/usr/local/cuda/bin/../lib:/opt/rh/llvm-toolset-7/root/usr/lib64:/opt/rh/devtoolset-6/root/usr/lib64:/opt/rh/devtoolset-6/root/usr/lib:/usr/local/cuda/lib64:/usr/local/lib
#$ PATH=/usr/local/cuda/bin/../nvvm/bin:/usr/local/cuda/bin:/opt/rh/llvm-toolset-7/root/usr/bin:/opt/rh/llvm-toolset-7/root/usr/sbin:/opt/rh/devtoolset-6/root/usr/bin:/usr/local/cuda/bin:/usr/local/bin:/usr/bin:/usr/local/sbin:/usr/sbin:/home/jhr/.local/bin:/home/jhr/bin
#$ INCLUDES="-I/usr/local/cuda/bin/../targets/x86_64-linux/include"  
#$ LIBRARIES=  "-L/usr/local/cuda/bin/../targets/x86_64-linux/lib/stubs" "-L/usr/local/cuda/bin/../targets/x86_64-linux/lib"
#$ CUDAFE_FLAGS=
#$ PTXAS_FLAGS=
#$ "/opt/rh/devtoolset-6/root/usr/bin"/cc -std=c++14 -D__CUDA_ARCH__=300 -E -x c++  -DCUDA_DOUBLE_MATH_FUNCTIONS -D__CUDACC__ -D__NVCC__ -D__CUDACC_RDC__ -D__CUDACC_EXTENDED_LAMBDA__  "-std=c++14" "-Wno-parentheses" "-Wno-comment" "-Wvirtual-move-assign" "-Wno-stringop-overflow" "-Wno-unknown-warning-option" "-Wno-unused-command-line-argument" "-Wno-switch" "-lpthread" "-O2" "-DNDEBUG" "-O3" -w -I"/usr/local/cuda/include" -I"/home/jhr/cuda-raytracer/include" -I"/home/jhr/cuda-raytracer/src" -I"/usr/local/include" -I"/usr/local/cuda/include" "-I/usr/local/cuda/bin/../targets/x86_64-linux/include"    -D "KOISHI_DEBUG=2" -D "KOISHI_USE_CUDA" -D "NVCC" -D__CUDACC_VER_MAJOR__=10 -D__CUDACC_VER_MINOR__=0 -D__CUDACC_VER_BUILD__=130 -include "cuda_runtime.h" -m64 "/home/jhr/cuda-raytracer/src/ext/shader/shader.impl.cu" > "shader.impl.cpp1.ii" 
#$ _SPACE_= 
#$ _CUDART_=cudart
#$ _HERE_=/usr/local/cuda/bin
#$ _THERE_=/usr/local/cuda/bin
#$ _TARGET_SIZE_=
#$ _TARGET_DIR_=
#$ _TARGET_DIR_=targets/x86_64-linux
#$ TOP=/usr/local/cuda/bin/..
#$ NVVMIR_LIBRARY_DIR=/usr/local/cuda/bin/../nvvm/libdevice
#$ LD_LIBRARY_PATH=/usr/local/cuda/bin/../lib:/opt/rh/llvm-toolset-7/root/usr/lib64:/opt/rh/devtoolset-6/root/usr/lib64:/opt/rh/devtoolset-6/root/usr/lib:/usr/local/cuda/lib64:/usr/local/lib
#$ PATH=/usr/local/cuda/bin/../nvvm/bin:/usr/local/cuda/bin:/opt/rh/llvm-toolset-7/root/usr/bin:/opt/rh/llvm-toolset-7/root/usr/sbin:/opt/rh/devtoolset-6/root/usr/bin:/usr/local/cuda/bin:/usr/local/bin:/usr/bin:/usr/local/sbin:/usr/sbin:/home/jhr/.local/bin:/home/jhr/bin
#$ INCLUDES="-I/usr/local/cuda/bin/../targets/x86_64-linux/include"  
#$ LIBRARIES=  "-L/usr/local/cuda/bin/../targets/x86_64-linux/lib/stubs" "-L/usr/local/cuda/bin/../targets/x86_64-linux/lib"
#$ CUDAFE_FLAGS=
#$ PTXAS_FLAGS=
#$ "/opt/rh/devtoolset-6/root/usr/bin"/cc -std=c++14 -D__CUDA_ARCH__=300 -E -x c++  -DCUDA_DOUBLE_MATH_FUNCTIONS -D__CUDACC__ -D__NVCC__ -D__CUDACC_RDC__ -D__CUDACC_EXTENDED_LAMBDA__  "-std=c++14" "-Wno-parentheses" "-Wno-comment" "-Wvirtual-move-assign" "-Wno-stringop-overflow" "-Wno-unknown-warning-option" "-Wno-unused-command-line-argument" "-Wno-switch" "-lpthread" "-O2" "-DNDEBUG" "-O3" -w -I"/usr/local/cuda/include" -I"/home/jhr/cuda-raytracer/include" -I"/home/jhr/cuda-raytracer/src" -I"/usr/local/include" -I"/usr/local/cuda/include" "-I/usr/local/cuda/bin/../targets/x86_64-linux/include"    -D "KOISHI_DEBUG=2" -D "KOISHI_USE_CUDA" -D "NVCC" -D__CUDACC_VER_MAJOR__=10 -D__CUDACC_VER_MINOR__=0 -D__CUDACC_VER_BUILD__=130 -include "cuda_runtime.h" -m64 "/home/jhr/cuda-raytracer/src/ext/shader/shader.impl.cu" > "shader.impl.cpp1.ii" 
#$ _SPACE_= 
#$ _CUDART_=cudart
#$ _HERE_=/usr/local/cuda/bin
#$ _THERE_=/usr/local/cuda/bin
#$ _TARGET_SIZE_=
#$ _TARGET_DIR_=
#$ _TARGET_DIR_=targets/x86_64-linux
#$ TOP=/usr/local/cuda/bin/..
#$ NVVMIR_LIBRARY_DIR=/usr/local/cuda/bin/../nvvm/libdevice
#$ LD_LIBRARY_PATH=/usr/local/cuda/bin/../lib:/opt/rh/llvm-toolset-7/root/usr/lib64:/opt/rh/devtoolset-6/root/usr/lib64:/opt/rh/devtoolset-6/root/usr/lib:/usr/local/cuda/lib64:/usr/local/lib
#$ PATH=/usr/local/cuda/bin/../nvvm/bin:/usr/local/cuda/bin:/opt/rh/llvm-toolset-7/root/usr/bin:/opt/rh/llvm-toolset-7/root/usr/sbin:/opt/rh/devtoolset-6/root/usr/bin:/usr/local/cuda/bin:/usr/local/bin:/usr/bin:/usr/local/sbin:/usr/sbin:/home/jhr/.local/bin:/home/jhr/bin
#$ INCLUDES="-I/usr/local/cuda/bin/../targets/x86_64-linux/include"  
#$ LIBRARIES=  "-L/usr/local/cuda/bin/../targets/x86_64-linux/lib/stubs" "-L/usr/local/cuda/bin/../targets/x86_64-linux/lib"
#$ CUDAFE_FLAGS=
#$ PTXAS_FLAGS=
#$ "/opt/rh/devtoolset-6/root/usr/bin"/cc -std=c++14 -D__CUDA_ARCH__=300 -E -x c++  -DCUDA_DOUBLE_MATH_FUNCTIONS -D__CUDACC__ -D__NVCC__ -D__CUDACC_RDC__ -D__CUDACC_EXTENDED_LAMBDA__  "-std=c++14" "-Wno-parentheses" "-Wno-comment" "-Wvirtual-move-assign" "-Wno-stringop-overflow" "-Wno-unknown-warning-option" "-Wno-unused-command-line-argument" "-Wno-switch" "-lpthread" "-O2" "-DNDEBUG" "-O3" -w -I"/usr/local/cuda/include" -I"/home/jhr/cuda-raytracer/include" -I"/home/jhr/cuda-raytracer/src" -I"/usr/local/include" -I"/usr/local/cuda/include" "-I/usr/local/cuda/bin/../targets/x86_64-linux/include"    -D "KOISHI_DEBUG=2" -D "KOISHI_USE_CUDA" -D "NVCC" -D__CUDACC_VER_MAJOR__=10 -D__CUDACC_VER_MINOR__=0 -D__CUDACC_VER_BUILD__=130 -include "cuda_runtime.h" -m64 "/home/jhr/cuda-raytracer/src/ext/shader/shader.impl.cu" > "shader.impl.cpp1.ii" 
#$ _SPACE_= 
#$ _CUDART_=cudart
#$ _HERE_=/usr/local/cuda/bin
#$ _THERE_=/usr/local/cuda/bin
#$ _TARGET_SIZE_=
#$ _TARGET_DIR_=
#$ _TARGET_DIR_=targets/x86_64-linux
#$ TOP=/usr/local/cuda/bin/..
#$ NVVMIR_LIBRARY_DIR=/usr/local/cuda/bin/../nvvm/libdevice
#$ LD_LIBRARY_PATH=/usr/local/cuda/bin/../lib:/opt/rh/llvm-toolset-7/root/usr/lib64:/opt/rh/devtoolset-6/root/usr/lib64:/opt/rh/devtoolset-6/root/usr/lib:/usr/local/cuda/lib64:/usr/local/lib
#$ PATH=/usr/local/cuda/bin/../nvvm/bin:/usr/local/cuda/bin:/opt/rh/llvm-toolset-7/root/usr/bin:/opt/rh/llvm-toolset-7/root/usr/sbin:/opt/rh/devtoolset-6/root/usr/bin:/usr/local/cuda/bin:/usr/local/bin:/usr/bin:/usr/local/sbin:/usr/sbin:/home/jhr/.local/bin:/home/jhr/bin
#$ INCLUDES="-I/usr/local/cuda/bin/../targets/x86_64-linux/include"  
#$ LIBRARIES=  "-L/usr/local/cuda/bin/../targets/x86_64-linux/lib/stubs" "-L/usr/local/cuda/bin/../targets/x86_64-linux/lib"
#$ CUDAFE_FLAGS=
#$ PTXAS_FLAGS=
#$ "/opt/rh/devtoolset-6/root/usr/bin"/cc -std=c++14 -D__CUDA_ARCH__=300 -E -x c++  -DCUDA_DOUBLE_MATH_FUNCTIONS -D__CUDACC__ -D__NVCC__ -D__CUDACC_RDC__ -D__CUDACC_EXTENDED_LAMBDA__  "-std=c++14" "-Wno-parentheses" "-Wno-comment" "-Wvirtual-move-assign" "-Wno-stringop-overflow" "-Wno-unknown-warning-option" "-Wno-unused-command-line-argument" "-Wno-switch" "-lpthread" "-O2" "-DNDEBUG" "-O3" -w -I"/usr/local/cuda/include" -I"/home/jhr/cuda-raytracer/include" -I"/home/jhr/cuda-raytracer/src" -I"/usr/local/include" -I"/usr/local/cuda/include" "-I/usr/local/cuda/bin/../targets/x86_64-linux/include"    -D "KOISHI_DEBUG=2" -D "KOISHI_USE_CUDA" -D "NVCC" -D__CUDACC_VER_MAJOR__=10 -D__CUDACC_VER_MINOR__=0 -D__CUDACC_VER_BUILD__=130 -include "cuda_runtime.h" -m64 "/home/jhr/cuda-raytracer/src/ext/shader/shader.impl.cu" > "shader.impl.cpp1.ii" 
#$ cicc --c++14 --gnu_version=60301 -w --allow_managed --extended-lambda  --device-c  --diag_suppress=set_but_not_used,code_is_unreachable  -arch compute_30 -m64 -ftz=1 -prec_div=0 -prec_sqrt=0 -fmad=1 -fast-math --gen_div_approx_ftz --include_file_name "shader.impl.fatbin.c" -generate-line-info -maxreg 32 -tused -nvvmir-library "/usr/local/cuda/bin/../nvvm/libdevice/libdevice.10.bc" --gen_module_id_file --module_id_file_name "shader.impl.module_id" --orig_src_file_name "/home/jhr/cuda-raytracer/src/ext/shader/shader.impl.cu" --gen_c_file_name "shader.impl.cudafe1.c" --stub_file_name "shader.impl.cudafe1.stub.c" --gen_device_file_name "shader.impl.cudafe1.gpu"  "shader.impl.cpp1.ii" -o "shader.impl.ptx"
#$ cicc --c++14 --gnu_version=60301 -w --allow_managed --extended-lambda  --device-c  --diag_suppress=set_but_not_used,code_is_unreachable  -arch compute_30 -m64 -ftz=1 -prec_div=0 -prec_sqrt=0 -fmad=1 -fast-math --gen_div_approx_ftz --include_file_name "shader.impl.fatbin.c" -generate-line-info -maxreg 32 -tused -nvvmir-library "/usr/local/cuda/bin/../nvvm/libdevice/libdevice.10.bc" --gen_module_id_file --module_id_file_name "shader.impl.module_id" --orig_src_file_name "/home/jhr/cuda-raytracer/src/ext/shader/shader.impl.cu" --gen_c_file_name "shader.impl.cudafe1.c" --stub_file_name "shader.impl.cudafe1.stub.c" --gen_device_file_name "shader.impl.cudafe1.gpu"  "shader.impl.cpp1.ii" -o "shader.impl.ptx"
#$ cicc --c++14 --gnu_version=60301 -w --allow_managed --extended-lambda  --device-c  --diag_suppress=set_but_not_used,code_is_unreachable  -arch compute_30 -m64 -ftz=1 -prec_div=0 -prec_sqrt=0 -fmad=1 -fast-math --gen_div_approx_ftz --include_file_name "shader.impl.fatbin.c" -generate-line-info -maxreg 32 -tused -nvvmir-library "/usr/local/cuda/bin/../nvvm/libdevice/libdevice.10.bc" --gen_module_id_file --module_id_file_name "shader.impl.module_id" --orig_src_file_name "/home/jhr/cuda-raytracer/src/ext/shader/shader.impl.cu" --gen_c_file_name "shader.impl.cudafe1.c" --stub_file_name "shader.impl.cudafe1.stub.c" --gen_device_file_name "shader.impl.cudafe1.gpu"  "shader.impl.cpp1.ii" -o "shader.impl.ptx"
#$ cicc --c++14 --gnu_version=60301 -w --allow_managed --extended-lambda  --device-c  --diag_suppress=set_but_not_used,code_is_unreachable  -arch compute_30 -m64 -ftz=1 -prec_div=0 -prec_sqrt=0 -fmad=1 -fast-math --gen_div_approx_ftz --include_file_name "shader.impl.fatbin.c" -generate-line-info -maxreg 32 -tused -nvvmir-library "/usr/local/cuda/bin/../nvvm/libdevice/libdevice.10.bc" --gen_module_id_file --module_id_file_name "shader.impl.module_id" --orig_src_file_name "/home/jhr/cuda-raytracer/src/ext/shader/shader.impl.cu" --gen_c_file_name "shader.impl.cudafe1.c" --stub_file_name "shader.impl.cudafe1.stub.c" --gen_device_file_name "shader.impl.cudafe1.gpu"  "shader.impl.cpp1.ii" -o "shader.impl.ptx"
/home/jhr/cuda-raytracer/src/poly/kernel.hpp(50): error: identifier "koishi::poly::object< ::koishi::core::Shader> ::~object" is undefined in device code

1 error detected in the compilation of "shader.impl.cpp1.ii".
/home/jhr/cuda-raytracer/src/poly/kernel.hpp(50): error: identifier "koishi::poly::object< ::koishi::core::Shader> ::~object" is undefined in device code

# --error 0x1 --
1 error detected in the compilation of "shader.impl.cpp1.ii".
CMake Error at t_intersect_generated_shader.impl.cu.o.Release.cmake:267 (message):
  Error generating file
  /home/jhr/cuda-raytracer/build/CMakeFiles/t_intersect.dir/src/ext/shader/./t_intersect_generated_shader.impl.cu.o


gmake[2]: *** [CMakeFiles/t_intersect.dir/src/ext/shader/t_intersect_generated_shader.impl.cu.o] Error 1
gmake[1]: *** [CMakeFiles/t_intersect.dir/all] Error 2
gmake[1]: *** Waiting for unfinished jobs....
# --error 0x1 --
CMake Error at t_kernel_generated_shader.impl.cu.o.Release.cmake:267 (message):
  Error generating file
  /home/jhr/cuda-raytracer/build/CMakeFiles/t_kernel.dir/src/ext/shader/./t_kernel_generated_shader.impl.cu.o


gmake[2]: *** [CMakeFiles/t_kernel.dir/src/ext/shader/t_kernel_generated_shader.impl.cu.o] Error 1
gmake[2]: *** Waiting for unfinished jobs....
#$ _SPACE_= 
#$ _CUDART_=cudart
#$ _HERE_=/usr/local/cuda/bin
#$ _THERE_=/usr/local/cuda/bin
#$ _TARGET_SIZE_=
#$ _TARGET_DIR_=
#$ _TARGET_DIR_=targets/x86_64-linux
#$ TOP=/usr/local/cuda/bin/..
#$ NVVMIR_LIBRARY_DIR=/usr/local/cuda/bin/../nvvm/libdevice
#$ LD_LIBRARY_PATH=/usr/local/cuda/bin/../lib:/opt/rh/llvm-toolset-7/root/usr/lib64:/opt/rh/devtoolset-6/root/usr/lib64:/opt/rh/devtoolset-6/root/usr/lib:/usr/local/cuda/lib64:/usr/local/lib
#$ PATH=/usr/local/cuda/bin/../nvvm/bin:/usr/local/cuda/bin:/opt/rh/llvm-toolset-7/root/usr/bin:/opt/rh/llvm-toolset-7/root/usr/sbin:/opt/rh/devtoolset-6/root/usr/bin:/usr/local/cuda/bin:/usr/local/bin:/usr/bin:/usr/local/sbin:/usr/sbin:/home/jhr/.local/bin:/home/jhr/bin
#$ INCLUDES="-I/usr/local/cuda/bin/../targets/x86_64-linux/include"  
#$ LIBRARIES=  "-L/usr/local/cuda/bin/../targets/x86_64-linux/lib/stubs" "-L/usr/local/cuda/bin/../targets/x86_64-linux/lib"
#$ CUDAFE_FLAGS=
#$ PTXAS_FLAGS=
#$ "/opt/rh/devtoolset-6/root/usr/bin"/cc -std=c++14 -D__CUDA_ARCH__=300 -E -x c++  -DCUDA_DOUBLE_MATH_FUNCTIONS -D__CUDACC__ -D__NVCC__ -D__CUDACC_EXTENDED_LAMBDA__  "-std=c++14" "-Wno-parentheses" "-Wno-comment" "-Wvirtual-move-assign" "-Wno-stringop-overflow" "-Wno-unknown-warning-option" "-Wno-unused-command-line-argument" "-Wno-switch" "-lpthread" "-O2" "-DNDEBUG" "-O3" -w -I"/usr/local/cuda/include" -I"/home/jhr/cuda-raytracer/include" -I"/home/jhr/cuda-raytracer/src" -I"/usr/local/include" -I"/usr/local/cuda/include" "-I/usr/local/cuda/bin/../targets/x86_64-linux/include"    -D "__CUDACC__" -D "KOISHI_DEBUG=2" -D "KOISHI_USE_CUDA" -D "NVCC" -D__CUDACC_VER_MAJOR__=10 -D__CUDACC_VER_MINOR__=0 -D__CUDACC_VER_BUILD__=130 -include "cuda_runtime.h" -m64 "/home/jhr/cuda-raytracer/src/util/image.cu" > "image.cpp1.ii" 
#$ _SPACE_= 
#$ _CUDART_=cudart
#$ _HERE_=/usr/local/cuda/bin
#$ _THERE_=/usr/local/cuda/bin
#$ _TARGET_SIZE_=
#$ _TARGET_DIR_=
#$ _TARGET_DIR_=targets/x86_64-linux
#$ TOP=/usr/local/cuda/bin/..
#$ NVVMIR_LIBRARY_DIR=/usr/local/cuda/bin/../nvvm/libdevice
#$ LD_LIBRARY_PATH=/usr/local/cuda/bin/../lib:/opt/rh/llvm-toolset-7/root/usr/lib64:/opt/rh/devtoolset-6/root/usr/lib64:/opt/rh/devtoolset-6/root/usr/lib:/usr/local/cuda/lib64:/usr/local/lib
#$ PATH=/usr/local/cuda/bin/../nvvm/bin:/usr/local/cuda/bin:/opt/rh/llvm-toolset-7/root/usr/bin:/opt/rh/llvm-toolset-7/root/usr/sbin:/opt/rh/devtoolset-6/root/usr/bin:/usr/local/cuda/bin:/usr/local/bin:/usr/bin:/usr/local/sbin:/usr/sbin:/home/jhr/.local/bin:/home/jhr/bin
#$ INCLUDES="-I/usr/local/cuda/bin/../targets/x86_64-linux/include"  
#$ LIBRARIES=  "-L/usr/local/cuda/bin/../targets/x86_64-linux/lib/stubs" "-L/usr/local/cuda/bin/../targets/x86_64-linux/lib"
#$ CUDAFE_FLAGS=
#$ PTXAS_FLAGS=
#$ "/opt/rh/devtoolset-6/root/usr/bin"/cc -std=c++14 -D__CUDA_ARCH__=300 -E -x c++  -DCUDA_DOUBLE_MATH_FUNCTIONS -D__CUDACC__ -D__NVCC__ -D__CUDACC_EXTENDED_LAMBDA__  "-std=c++14" "-Wno-parentheses" "-Wno-comment" "-Wvirtual-move-assign" "-Wno-stringop-overflow" "-Wno-unknown-warning-option" "-Wno-unused-command-line-argument" "-Wno-switch" "-lpthread" "-O2" "-DNDEBUG" "-O3" -w -I"/usr/local/cuda/include" -I"/home/jhr/cuda-raytracer/include" -I"/home/jhr/cuda-raytracer/src" -I"/usr/local/include" -I"/usr/local/cuda/include" "-I/usr/local/cuda/bin/../targets/x86_64-linux/include"    -D "__CUDACC__" -D "KOISHI_DEBUG=2" -D "KOISHI_USE_CUDA" -D "NVCC" -D__CUDACC_VER_MAJOR__=10 -D__CUDACC_VER_MINOR__=0 -D__CUDACC_VER_BUILD__=130 -include "cuda_runtime.h" -m64 "/home/jhr/cuda-raytracer/src/vis/renderer.cu" > "renderer.cpp1.ii" 
/home/jhr/cuda-raytracer/src/poly/kernel.hpp(50): error: identifier "koishi::poly::object< ::koishi::core::Shader> ::~object" is undefined in device code

1 error detected in the compilation of "shader.impl.cpp1.ii".
/home/jhr/cuda-raytracer/src/poly/kernel.hpp(50): error: identifier "koishi::poly::object< ::koishi::core::Shader> ::~object" is undefined in device code

1 error detected in the compilation of "shader.impl.cpp1.ii".
# --error 0x1 --
CMake Error at t_math_generated_shader.impl.cu.o.Release.cmake:267 (message):
  Error generating file
  /home/jhr/cuda-raytracer/build/CMakeFiles/t_math.dir/src/ext/shader/./t_math_generated_shader.impl.cu.o


gmake[2]: *** [CMakeFiles/t_math.dir/src/ext/shader/t_math_generated_shader.impl.cu.o] Error 1
gmake[1]: *** [CMakeFiles/t_math.dir/all] Error 2
# --error 0x1 --
CMake Error at t_cyclicQueue_generated_shader.impl.cu.o.Release.cmake:267 (message):
  Error generating file
  /home/jhr/cuda-raytracer/build/CMakeFiles/t_cyclicQueue.dir/src/ext/shader/./t_cyclicQueue_generated_shader.impl.cu.o


gmake[2]: *** [CMakeFiles/t_cyclicQueue.dir/src/ext/shader/t_cyclicQueue_generated_shader.impl.cu.o] Error 1
gmake[2]: *** Waiting for unfinished jobs....
#$ "/opt/rh/devtoolset-6/root/usr/bin"/cc -std=c++14 -E -x c++ -D__CUDACC__ -D__NVCC__ -D__CUDACC_EXTENDED_LAMBDA__  "-std=c++14" "-Wno-parentheses" "-Wno-comment" "-Wvirtual-move-assign" "-Wno-stringop-overflow" "-Wno-unknown-warning-option" "-Wno-unused-command-line-argument" "-Wno-switch" "-lpthread" "-O2" "-DNDEBUG" "-O3" -w -I"/usr/local/cuda/include" -I"/home/jhr/cuda-raytracer/include" -I"/home/jhr/cuda-raytracer/src" -I"/usr/local/include" -I"/usr/local/cuda/include" "-I/usr/local/cuda/bin/../targets/x86_64-linux/include"    -D "__CUDACC__" -D "KOISHI_DEBUG=2" -D "KOISHI_USE_CUDA" -D "NVCC" -D__CUDACC_VER_MAJOR__=10 -D__CUDACC_VER_MINOR__=0 -D__CUDACC_VER_BUILD__=130 -include "cuda_runtime.h" -m64 "/home/jhr/cuda-raytracer/src/util/image.cu" > "image.cpp4.ii" 
#$ "/opt/rh/devtoolset-6/root/usr/bin"/cc -std=c++14 -E -x c++ -D__CUDACC__ -D__NVCC__ -D__CUDACC_EXTENDED_LAMBDA__  "-std=c++14" "-Wno-parentheses" "-Wno-comment" "-Wvirtual-move-assign" "-Wno-stringop-overflow" "-Wno-unknown-warning-option" "-Wno-unused-command-line-argument" "-Wno-switch" "-lpthread" "-O2" "-DNDEBUG" "-O3" -w -I"/usr/local/cuda/include" -I"/home/jhr/cuda-raytracer/include" -I"/home/jhr/cuda-raytracer/src" -I"/usr/local/include" -I"/usr/local/cuda/include" "-I/usr/local/cuda/bin/../targets/x86_64-linux/include"    -D "__CUDACC__" -D "KOISHI_DEBUG=2" -D "KOISHI_USE_CUDA" -D "NVCC" -D__CUDACC_VER_MAJOR__=10 -D__CUDACC_VER_MINOR__=0 -D__CUDACC_VER_BUILD__=130 -include "cuda_runtime.h" -m64 "/home/jhr/cuda-raytracer/src/vis/renderer.cu" > "renderer.cpp4.ii" 
#$ -- Filter Dependencies -- > /home/jhr/cuda-raytracer/build/CMakeFiles/t_cyclicQueue.dir/src/vis/t_cyclicQueue_generated_renderer.cu.o.NVCC-depend
#$ -- Filter Dependencies -- > /home/jhr/cuda-raytracer/build/CMakeFiles/t_kernel.dir/src/util/t_kernel_generated_image.cu.o.NVCC-depend
#$ _SPACE_= 
#$ _CUDART_=cudart
#$ _HERE_=/usr/local/cuda/bin
#$ _THERE_=/usr/local/cuda/bin
#$ _TARGET_SIZE_=
#$ _TARGET_DIR_=
#$ _TARGET_DIR_=targets/x86_64-linux
#$ TOP=/usr/local/cuda/bin/..
#$ NVVMIR_LIBRARY_DIR=/usr/local/cuda/bin/../nvvm/libdevice
#$ LD_LIBRARY_PATH=/usr/local/cuda/bin/../lib:/opt/rh/llvm-toolset-7/root/usr/lib64:/opt/rh/devtoolset-6/root/usr/lib64:/opt/rh/devtoolset-6/root/usr/lib:/usr/local/cuda/lib64:/usr/local/lib
#$ PATH=/usr/local/cuda/bin/../nvvm/bin:/usr/local/cuda/bin:/opt/rh/llvm-toolset-7/root/usr/bin:/opt/rh/llvm-toolset-7/root/usr/sbin:/opt/rh/devtoolset-6/root/usr/bin:/usr/local/cuda/bin:/usr/local/bin:/usr/bin:/usr/local/sbin:/usr/sbin:/home/jhr/.local/bin:/home/jhr/bin
#$ INCLUDES="-I/usr/local/cuda/bin/../targets/x86_64-linux/include"  
#$ LIBRARIES=  "-L/usr/local/cuda/bin/../targets/x86_64-linux/lib/stubs" "-L/usr/local/cuda/bin/../targets/x86_64-linux/lib"
#$ CUDAFE_FLAGS=
#$ PTXAS_FLAGS=
#$ "/opt/rh/devtoolset-6/root/usr/bin"/cc -std=c++14 -D__CUDA_ARCH__=300 -E -x c++  -DCUDA_DOUBLE_MATH_FUNCTIONS -D__CUDACC__ -D__NVCC__ -D__CUDACC_RDC__ -D__CUDACC_EXTENDED_LAMBDA__  "-std=c++14" "-Wno-parentheses" "-Wno-comment" "-Wvirtual-move-assign" "-Wno-stringop-overflow" "-Wno-unknown-warning-option" "-Wno-unused-command-line-argument" "-Wno-switch" "-lpthread" "-O2" "-DNDEBUG" "-O3" -w -I"/usr/local/cuda/include" -I"/home/jhr/cuda-raytracer/include" -I"/home/jhr/cuda-raytracer/src" -I"/usr/local/include" -I"/usr/local/cuda/include" "-I/usr/local/cuda/bin/../targets/x86_64-linux/include"    -D "KOISHI_DEBUG=2" -D "KOISHI_USE_CUDA" -D "NVCC" -D__CUDACC_VER_MAJOR__=10 -D__CUDACC_VER_MINOR__=0 -D__CUDACC_VER_BUILD__=130 -include "cuda_runtime.h" -m64 "/home/jhr/cuda-raytracer/src/vis/renderer.cu" > "renderer.cpp1.ii" 
#$ _SPACE_= 
#$ _CUDART_=cudart
#$ _HERE_=/usr/local/cuda/bin
#$ _THERE_=/usr/local/cuda/bin
#$ _TARGET_SIZE_=
#$ _TARGET_DIR_=
#$ _TARGET_DIR_=targets/x86_64-linux
#$ TOP=/usr/local/cuda/bin/..
#$ NVVMIR_LIBRARY_DIR=/usr/local/cuda/bin/../nvvm/libdevice
#$ LD_LIBRARY_PATH=/usr/local/cuda/bin/../lib:/opt/rh/llvm-toolset-7/root/usr/lib64:/opt/rh/devtoolset-6/root/usr/lib64:/opt/rh/devtoolset-6/root/usr/lib:/usr/local/cuda/lib64:/usr/local/lib
#$ PATH=/usr/local/cuda/bin/../nvvm/bin:/usr/local/cuda/bin:/opt/rh/llvm-toolset-7/root/usr/bin:/opt/rh/llvm-toolset-7/root/usr/sbin:/opt/rh/devtoolset-6/root/usr/bin:/usr/local/cuda/bin:/usr/local/bin:/usr/bin:/usr/local/sbin:/usr/sbin:/home/jhr/.local/bin:/home/jhr/bin
#$ INCLUDES="-I/usr/local/cuda/bin/../targets/x86_64-linux/include"  
#$ LIBRARIES=  "-L/usr/local/cuda/bin/../targets/x86_64-linux/lib/stubs" "-L/usr/local/cuda/bin/../targets/x86_64-linux/lib"
#$ CUDAFE_FLAGS=
#$ PTXAS_FLAGS=
#$ "/opt/rh/devtoolset-6/root/usr/bin"/cc -std=c++14 -D__CUDA_ARCH__=300 -E -x c++  -DCUDA_DOUBLE_MATH_FUNCTIONS -D__CUDACC__ -D__NVCC__ -D__CUDACC_RDC__ -D__CUDACC_EXTENDED_LAMBDA__  "-std=c++14" "-Wno-parentheses" "-Wno-comment" "-Wvirtual-move-assign" "-Wno-stringop-overflow" "-Wno-unknown-warning-option" "-Wno-unused-command-line-argument" "-Wno-switch" "-lpthread" "-O2" "-DNDEBUG" "-O3" -w -I"/usr/local/cuda/include" -I"/home/jhr/cuda-raytracer/include" -I"/home/jhr/cuda-raytracer/src" -I"/usr/local/include" -I"/usr/local/cuda/include" "-I/usr/local/cuda/bin/../targets/x86_64-linux/include"    -D "KOISHI_DEBUG=2" -D "KOISHI_USE_CUDA" -D "NVCC" -D__CUDACC_VER_MAJOR__=10 -D__CUDACC_VER_MINOR__=0 -D__CUDACC_VER_BUILD__=130 -include "cuda_runtime.h" -m64 "/home/jhr/cuda-raytracer/src/util/image.cu" > "image.cpp1.ii" 
#$ cicc --c++14 --gnu_version=60301 -w --allow_managed --extended-lambda  --device-c  --diag_suppress=set_but_not_used,code_is_unreachable  -arch compute_30 -m64 -ftz=1 -prec_div=0 -prec_sqrt=0 -fmad=1 -fast-math --gen_div_approx_ftz --include_file_name "renderer.fatbin.c" -generate-line-info -maxreg 32 -tused -nvvmir-library "/usr/local/cuda/bin/../nvvm/libdevice/libdevice.10.bc" --gen_module_id_file --module_id_file_name "renderer.module_id" --orig_src_file_name "/home/jhr/cuda-raytracer/src/vis/renderer.cu" --gen_c_file_name "renderer.cudafe1.c" --stub_file_name "renderer.cudafe1.stub.c" --gen_device_file_name "renderer.cudafe1.gpu"  "renderer.cpp1.ii" -o "renderer.ptx"
#$ cicc --c++14 --gnu_version=60301 -w --allow_managed --extended-lambda  --device-c  --diag_suppress=set_but_not_used,code_is_unreachable  -arch compute_30 -m64 -ftz=1 -prec_div=0 -prec_sqrt=0 -fmad=1 -fast-math --gen_div_approx_ftz --include_file_name "image.fatbin.c" -generate-line-info -maxreg 32 -tused -nvvmir-library "/usr/local/cuda/bin/../nvvm/libdevice/libdevice.10.bc" --gen_module_id_file --module_id_file_name "image.module_id" --orig_src_file_name "/home/jhr/cuda-raytracer/src/util/image.cu" --gen_c_file_name "image.cudafe1.c" --stub_file_name "image.cudafe1.stub.c" --gen_device_file_name "image.cudafe1.gpu"  "image.cpp1.ii" -o "image.ptx"
#$ ptxas -w -arch=sm_30 -m64 --compile-only  -maxrregcount=32 --generate-line-info "renderer.ptx"  -o "renderer.sm_30.cubin" 
#$ fatbinary --create="renderer.fatbin" -64 --ident="/home/jhr/cuda-raytracer/src/vis/renderer.cu" --cmdline="--compile-only  -maxrregcount=32 --generate-line-info " "--image=profile=sm_30,file=renderer.sm_30.cubin" "--image=profile=compute_30,file=renderer.ptx" --embedded-fatbin="renderer.fatbin.c" --cuda --device-c
#$ "/opt/rh/devtoolset-6/root/usr/bin"/cc -std=c++14 -E -x c++ -D__CUDACC__ -D__NVCC__ -D__CUDACC_RDC__ -D__CUDACC_EXTENDED_LAMBDA__  "-std=c++14" "-Wno-parentheses" "-Wno-comment" "-Wvirtual-move-assign" "-Wno-stringop-overflow" "-Wno-unknown-warning-option" "-Wno-unused-command-line-argument" "-Wno-switch" "-lpthread" "-O2" "-DNDEBUG" "-O3" -w -I"/usr/local/cuda/include" -I"/home/jhr/cuda-raytracer/include" -I"/home/jhr/cuda-raytracer/src" -I"/usr/local/include" -I"/usr/local/cuda/include" "-I/usr/local/cuda/bin/../targets/x86_64-linux/include"    -D "KOISHI_DEBUG=2" -D "KOISHI_USE_CUDA" -D "NVCC" -D__CUDACC_VER_MAJOR__=10 -D__CUDACC_VER_MINOR__=0 -D__CUDACC_VER_BUILD__=130 -include "cuda_runtime.h" -m64 "/home/jhr/cuda-raytracer/src/vis/renderer.cu" > "renderer.cpp4.ii" 
#$ ptxas -w -arch=sm_30 -m64 --compile-only  -maxrregcount=32 --generate-line-info "image.ptx"  -o "image.sm_30.cubin" 
#$ cudafe++ --c++14 --gnu_version=60301 -w --allow_managed --extended-lambda  --device-c  --diag_suppress=set_but_not_used,code_is_unreachable --m64 --parse_templates --gen_c_file_name "renderer.cudafe1.cpp" --stub_file_name "renderer.cudafe1.stub.c" --module_id_file_name "renderer.module_id" "renderer.cpp4.ii" 
#$ fatbinary --create="image.fatbin" -64 --ident="/home/jhr/cuda-raytracer/src/util/image.cu" --cmdline="--compile-only  -maxrregcount=32 --generate-line-info " "--image=profile=sm_30,file=image.sm_30.cubin" "--image=profile=compute_30,file=image.ptx" --embedded-fatbin="image.fatbin.c" --cuda --device-c
#$ "/opt/rh/devtoolset-6/root/usr/bin"/cc -std=c++14 -E -x c++ -D__CUDACC__ -D__NVCC__ -D__CUDACC_RDC__ -D__CUDACC_EXTENDED_LAMBDA__  "-std=c++14" "-Wno-parentheses" "-Wno-comment" "-Wvirtual-move-assign" "-Wno-stringop-overflow" "-Wno-unknown-warning-option" "-Wno-unused-command-line-argument" "-Wno-switch" "-lpthread" "-O2" "-DNDEBUG" "-O3" -w -I"/usr/local/cuda/include" -I"/home/jhr/cuda-raytracer/include" -I"/home/jhr/cuda-raytracer/src" -I"/usr/local/include" -I"/usr/local/cuda/include" "-I/usr/local/cuda/bin/../targets/x86_64-linux/include"    -D "KOISHI_DEBUG=2" -D "KOISHI_USE_CUDA" -D "NVCC" -D__CUDACC_VER_MAJOR__=10 -D__CUDACC_VER_MINOR__=0 -D__CUDACC_VER_BUILD__=130 -include "cuda_runtime.h" -m64 "/home/jhr/cuda-raytracer/src/util/image.cu" > "image.cpp4.ii" 
#$ cudafe++ --c++14 --gnu_version=60301 -w --allow_managed --extended-lambda  --device-c  --diag_suppress=set_but_not_used,code_is_unreachable --m64 --parse_templates --gen_c_file_name "image.cudafe1.cpp" --stub_file_name "image.cudafe1.stub.c" --module_id_file_name "image.module_id" "image.cpp4.ii" 
#$ "/opt/rh/devtoolset-6/root/usr/bin"/cc -std=c++14 -D__CUDA_ARCH__=300 -c -x c++  -DCUDA_DOUBLE_MATH_FUNCTIONS "-std=c++14" "-Wno-parentheses" "-Wno-comment" "-Wvirtual-move-assign" "-Wno-stringop-overflow" "-Wno-unknown-warning-option" "-Wno-unused-command-line-argument" "-Wno-switch" "-lpthread" "-O2" "-DNDEBUG" "-O3" -w -I"/usr/local/cuda/include" -I"/home/jhr/cuda-raytracer/include" -I"/home/jhr/cuda-raytracer/src" -I"/usr/local/include" -I"/usr/local/cuda/include" "-I/usr/local/cuda/bin/../targets/x86_64-linux/include"   -m64 -o "/home/jhr/cuda-raytracer/build/CMakeFiles/t_cyclicQueue.dir/src/vis/./t_cyclicQueue_generated_renderer.cu.o" "renderer.cudafe1.cpp" 
gmake[1]: *** [CMakeFiles/t_cyclicQueue.dir/all] Error 2
#$ "/opt/rh/devtoolset-6/root/usr/bin"/cc -std=c++14 -D__CUDA_ARCH__=300 -c -x c++  -DCUDA_DOUBLE_MATH_FUNCTIONS "-std=c++14" "-Wno-parentheses" "-Wno-comment" "-Wvirtual-move-assign" "-Wno-stringop-overflow" "-Wno-unknown-warning-option" "-Wno-unused-command-line-argument" "-Wno-switch" "-lpthread" "-O2" "-DNDEBUG" "-O3" -w -I"/usr/local/cuda/include" -I"/home/jhr/cuda-raytracer/include" -I"/home/jhr/cuda-raytracer/src" -I"/usr/local/include" -I"/usr/local/cuda/include" "-I/usr/local/cuda/bin/../targets/x86_64-linux/include"   -m64 -o "/home/jhr/cuda-raytracer/build/CMakeFiles/t_kernel.dir/src/util/./t_kernel_generated_image.cu.o" "image.cudafe1.cpp" 
gmake[1]: *** [CMakeFiles/t_kernel.dir/all] Error 2
gmake: *** [all] Error 2
